Fetching: multi_json-1.11.2.gem (100%)
Fetching: gherkin-2.12.2.gem (100%)
Building native extensions.  This could take a while...
Fetching: cucumber-core-1.2.0.gem (100%)
Fetching: builder-3.2.2.gem (100%)
Fetching: diff-lcs-1.2.5.gem (100%)
Fetching: multi_test-0.1.2.gem (100%)
Fetching: cucumber-2.0.2.gem (100%)
Successfully installed multi_json-1.11.2
Successfully installed gherkin-2.12.2
Successfully installed cucumber-core-1.2.0
Successfully installed builder-3.2.2
Successfully installed diff-lcs-1.2.5
Successfully installed multi_test-0.1.2
Successfully installed cucumber-2.0.2
7 gems installed
Installing ri documentation for multi_json-1.11.2...
Installing ri documentation for gherkin-2.12.2...
Installing ri documentation for cucumber-core-1.2.0...
Installing ri documentation for builder-3.2.2...
Installing ri documentation for diff-lcs-1.2.5...
Installing ri documentation for multi_test-0.1.2...
Installing ri documentation for cucumber-2.0.2...
Installing RDoc documentation for multi_json-1.11.2...
Installing RDoc documentation for gherkin-2.12.2...
Installing RDoc documentation for cucumber-core-1.2.0...
Installing RDoc documentation for builder-3.2.2...
Installing RDoc documentation for diff-lcs-1.2.5...
Installing RDoc documentation for multi_test-0.1.2...
Installing RDoc documentation for cucumber-2.0.2...